<?xml version="1.0" encoding="UTF-8"?>
<!-- Generated by org.testng.reporters.JUnitReportReporter -->
<testsuite hostname="Srinu" failures="0" tests="1" name="testCases.TC001_AccountRegistrationTest" time="5.333" errors="0" timestamp="2024-12-21T17:42:23 IST" skipped="0">
  <testcase classname="testCases.TC001_AccountRegistrationTest" name="Verify_Account_Registration" time="5.333"/>
</testsuite> <!-- testCases.TC001_AccountRegistrationTest -->
