<?xml version="1.0" encoding="UTF-8"?>
<!-- Generated by org.testng.reporters.JUnitReportReporter -->
<testsuite hostname="Srinu" failures="0" tests="1" name="testCases.TC001_AccountRegistrationTest" time="3.117" errors="0" timestamp="2024-12-22T12:59:21 IST" skipped="0">
  <testcase classname="testCases.TC001_AccountRegistrationTest" name="Verify_Account_Registration" time="3.117"/>
</testsuite> <!-- testCases.TC001_AccountRegistrationTest -->
