<?xml version="1.0" encoding="UTF-8"?>
<!-- Generated by org.testng.reporters.JUnitReportReporter -->
<testsuite hostname="Srinu" failures="0" tests="1" name="testCases.TC002_LoginTest" time="2.420" errors="0" timestamp="2024-12-22T12:59:20 IST" skipped="0">
  <testcase classname="testCases.TC002_LoginTest" name="Verify_Login" time="2.420"/>
</testsuite> <!-- testCases.TC002_LoginTest -->
